#
# There is insufficient memory for the Java Runtime Environment to continue.
# Native memory allocation (malloc) failed to allocate 1048576 bytes for AllocateHeap
# Possible reasons:
#   The system is out of physical RAM or swap space
#   The process is running with CompressedOops enabled, and the Java Heap may be blocking the growth of the native heap
# Possible solutions:
#   Reduce memory load on the system
#   Increase physical memory or swap space
#   Check if swap backing store is full
#   Decrease Java heap size (-Xmx/-Xms)
#   Decrease number of Java threads
#   Decrease Java thread stack sizes (-Xss)
#   Set larger code cache with -XX:ReservedCodeCacheSize=
#   JVM is running with Unscaled Compressed Oops mode in which the Java heap is
#     placed in the first 4GB address space. The Java Heap base address is the
#     maximum limit for the native heap growth. Please use -XX:HeapBaseMinAddress
#     to set the Java Heap base and to place the Java Heap above 4GB virtual address.
# This output file may be truncated or incomplete.
#
#  Out of Memory Error (allocation.cpp:44), pid=1888, tid=5284
#
# JRE version:  (17.0.9+9) (build )
# Java VM: OpenJDK 64-Bit Server VM (17.0.9+9, mixed mode, sharing, tiered, compressed oops, compressed class ptrs, g1 gc, windows-amd64)
# No core dump will be written. Minidumps are not enabled by default on client versions of Windows
#

---------------  S U M M A R Y ------------

Command Line: 

Host: Intel(R) Core(TM) i3-10105F CPU @ 3.70GHz, 8 cores, 15G,  Windows 10 , 64 bit Build 19041 (10.0.19041.2913)
Time: Sun Jan  5 13:42:03 2025 SE Asia Standard Time elapsed time: 0.006182 seconds (0d 0h 0m 0s)

---------------  T H R E A D  ---------------

Current thread (0x000001f72b525830):  JavaThread "Unknown thread" [_thread_in_vm, id=5284, stack(0x000000a973d00000,0x000000a973e00000)]

Stack: [0x000000a973d00000,0x000000a973e00000]
Native frames: (J=compiled Java code, j=interpreted, Vv=VM code, C=native code)
V  [jvm.dll+0x67cf49]
V  [jvm.dll+0x83478a]
V  [jvm.dll+0x83624e]
V  [jvm.dll+0x8368b3]
V  [jvm.dll+0x247f1f]
V  [jvm.dll+0xa6b4b]
V  [jvm.dll+0x2da614]
V  [jvm.dll+0x805ffc]
V  [jvm.dll+0x36cf31]
V  [jvm.dll+0x7e4aac]
V  [jvm.dll+0x3f07af]
V  [jvm.dll+0x3f23e1]
C  [jli.dll+0x528f]
C  [ucrtbase.dll+0x21bb2]
C  [KERNEL32.DLL+0x17614]
C  [ntdll.dll+0x526a1]


---------------  P R O C E S S  ---------------

Threads class SMR info:
_java_thread_list=0x00007ffa29c0ee98, length=0, elements={
}

Java Threads: ( => current thread )

Other Threads:

=>0x000001f72b525830 (exited) JavaThread "Unknown thread" [_thread_in_vm, id=5284, stack(0x000000a973d00000,0x000000a973e00000)]

Threads with active compile tasks:

VM state: not at safepoint (not fully initialized)

VM Mutex/Monitor currently owned by a thread: None

Heap address: 0x0000000000000000, size: 0 MB, Compressed Oops mode: 32-bit

CDS archive(s) mapped at: [0x0000000000000000-0x0000000000000000-0x0000000000000000), size 0, SharedBaseAddress: 0x0000000800000000, ArchiveRelocationMode: 1.
Narrow klass base: 0x0000000000000000, Narrow klass shift: 0, Narrow klass range: 0x0

GC Precious Log:
<Empty>

GC Heap History (0 events):
No events

Dll operation events (1 events):
Event: 0.003 Loaded shared library D:\Unity\6000.0.28f1\Editor\Data\PlaybackEngines\AndroidPlayer\OpenJDK\bin\java.dll

Deoptimization events (0 events):
No events

Classes unloaded (0 events):
No events

Classes redefined (0 events):
No events

Internal exceptions (0 events):
No events

VM Operations (0 events):
No events

Events (0 events):
No events


Dynamic libraries:
0x00007ff628b10000 - 0x00007ff628b1e000 	D:\Unity\6000.0.28f1\Editor\Data\PlaybackEngines\AndroidPlayer\OpenJDK\bin\java.exe
0x00007ffa9df10000 - 0x00007ffa9e108000 	C:\Windows\SYSTEM32\ntdll.dll
0x00007ffa9d970000 - 0x00007ffa9da2f000 	C:\Windows\System32\KERNEL32.DLL
0x00007ffa9bb30000 - 0x00007ffa9be26000 	C:\Windows\System32\KERNELBASE.dll
0x00007ffa9b640000 - 0x00007ffa9b740000 	C:\Windows\System32\ucrtbase.dll
0x00007ffa96cf0000 - 0x00007ffa96d07000 	D:\Unity\6000.0.28f1\Editor\Data\PlaybackEngines\AndroidPlayer\OpenJDK\bin\jli.dll
0x00007ffa84bd0000 - 0x00007ffa84beb000 	D:\Unity\6000.0.28f1\Editor\Data\PlaybackEngines\AndroidPlayer\OpenJDK\bin\VCRUNTIME140.dll
0x00007ffa9c5c0000 - 0x00007ffa9c75d000 	C:\Windows\System32\USER32.dll
0x00007ffa86370000 - 0x00007ffa8660a000 	C:\Windows\WinSxS\amd64_microsoft.windows.common-controls_6595b64144ccf1df_6.0.19041.1110_none_60b5254171f9507e\COMCTL32.dll
0x00007ffa9bb00000 - 0x00007ffa9bb22000 	C:\Windows\System32\win32u.dll
0x00007ffa9c960000 - 0x00007ffa9c9fe000 	C:\Windows\System32\msvcrt.dll
0x00007ffa9c930000 - 0x00007ffa9c95c000 	C:\Windows\System32\GDI32.dll
0x00007ffa9b7e0000 - 0x00007ffa9b8f5000 	C:\Windows\System32\gdi32full.dll
0x00007ffa9ba60000 - 0x00007ffa9bafd000 	C:\Windows\System32\msvcp_win.dll
0x00007ffa9dae0000 - 0x00007ffa9db10000 	C:\Windows\System32\IMM32.DLL
0x00007ffa97120000 - 0x00007ffa9712c000 	D:\Unity\6000.0.28f1\Editor\Data\PlaybackEngines\AndroidPlayer\OpenJDK\bin\vcruntime140_1.dll
0x00007ffa7f930000 - 0x00007ffa7f9bd000 	D:\Unity\6000.0.28f1\Editor\Data\PlaybackEngines\AndroidPlayer\OpenJDK\bin\msvcp140.dll
0x00007ffa290e0000 - 0x00007ffa29d41000 	D:\Unity\6000.0.28f1\Editor\Data\PlaybackEngines\AndroidPlayer\OpenJDK\bin\server\jvm.dll
0x00007ffa9c880000 - 0x00007ffa9c92f000 	C:\Windows\System32\ADVAPI32.dll
0x00007ffa9c520000 - 0x00007ffa9c5bc000 	C:\Windows\System32\sechost.dll
0x00007ffa9ca90000 - 0x00007ffa9cbb6000 	C:\Windows\System32\RPCRT4.dll
0x00007ffa66a80000 - 0x00007ffa66a89000 	C:\Windows\SYSTEM32\WSOCK32.dll
0x00007ffa92a90000 - 0x00007ffa92ab7000 	C:\Windows\SYSTEM32\WINMM.dll
0x00007ffa9ab70000 - 0x00007ffa9abbb000 	C:\Windows\SYSTEM32\POWRPROF.dll
0x00007ffa9d820000 - 0x00007ffa9d88b000 	C:\Windows\System32\WS2_32.dll
0x00007ffa95a00000 - 0x00007ffa95a0a000 	C:\Windows\SYSTEM32\VERSION.dll
0x00007ffa9aa30000 - 0x00007ffa9aa42000 	C:\Windows\SYSTEM32\UMPDC.dll
0x00007ffa994d0000 - 0x00007ffa994e2000 	C:\Windows\SYSTEM32\kernel.appcore.dll
0x00007ffa96ce0000 - 0x00007ffa96cea000 	D:\Unity\6000.0.28f1\Editor\Data\PlaybackEngines\AndroidPlayer\OpenJDK\bin\jimage.dll
0x00007ffa919f0000 - 0x00007ffa91bd4000 	C:\Windows\SYSTEM32\DBGHELP.DLL
0x00007ffa81d80000 - 0x00007ffa81db4000 	C:\Windows\SYSTEM32\dbgcore.DLL
0x00007ffa9be30000 - 0x00007ffa9beb2000 	C:\Windows\System32\bcryptPrimitives.dll
0x00007ffa84ba0000 - 0x00007ffa84bc5000 	D:\Unity\6000.0.28f1\Editor\Data\PlaybackEngines\AndroidPlayer\OpenJDK\bin\java.dll

dbghelp: loaded successfully - version: 4.0.5 - missing functions: none
symbol engine: initialized successfully - sym options: 0x614 - pdb path: .;D:\Unity\6000.0.28f1\Editor\Data\PlaybackEngines\AndroidPlayer\OpenJDK\bin;C:\Windows\SYSTEM32;C:\Windows\WinSxS\amd64_microsoft.windows.common-controls_6595b64144ccf1df_6.0.19041.1110_none_60b5254171f9507e;D:\Unity\6000.0.28f1\Editor\Data\PlaybackEngines\AndroidPlayer\OpenJDK\bin\server

VM Arguments:
java_command: <unknown>
java_class_path (initial): <not set>
Launcher Type: SUN_STANDARD

[Global flags]
     intx CICompilerCount                          = 4                                         {product} {ergonomic}
     uint ConcGCThreads                            = 2                                         {product} {ergonomic}
     uint G1ConcRefinementThreads                  = 8                                         {product} {ergonomic}
   size_t G1HeapRegionSize                         = 2097152                                   {product} {ergonomic}
    uintx GCDrainStackTargetSize                   = 64                                        {product} {ergonomic}
   size_t InitialHeapSize                          = 268435456                                 {product} {ergonomic}
   size_t MarkStackSize                            = 4194304                                   {product} {ergonomic}
   size_t MaxHeapSize                              = 4271898624                                {product} {ergonomic}
   size_t MinHeapDeltaBytes                        = 2097152                                   {product} {ergonomic}
   size_t MinHeapSize                              = 8388608                                   {product} {ergonomic}
    uintx NonNMethodCodeHeapSize                   = 5839372                                {pd product} {ergonomic}
    uintx NonProfiledCodeHeapSize                  = 122909434                              {pd product} {ergonomic}
    uintx ProfiledCodeHeapSize                     = 122909434                              {pd product} {ergonomic}
    uintx ReservedCodeCacheSize                    = 251658240                              {pd product} {ergonomic}
     bool SegmentedCodeCache                       = true                                      {product} {ergonomic}
   size_t SoftMaxHeapSize                          = 4271898624                             {manageable} {ergonomic}
     bool UseCompressedClassPointers               = true                           {product lp64_product} {ergonomic}
     bool UseCompressedOops                        = true                           {product lp64_product} {ergonomic}
     bool UseG1GC                                  = true                                      {product} {ergonomic}
     bool UseLargePagesIndividualAllocation        = false                                  {pd product} {ergonomic}

Logging:
Log output configuration:
 #0: stdout all=warning uptime,level,tags
 #1: stderr all=off uptime,level,tags

Environment Variables:
JAVA_HOME=D:/Unity/6000.0.28f1/Editor/Data/PlaybackEngines/AndroidPlayer\OpenJDK
PATH=C:\Program Files\Common Files\Oracle\Java\javapath;C:\Windows\system32;C:\Windows;C:\Windows\System32\Wbem;C:\Windows\System32\WindowsPowerShell\v1.0\;C:\Windows\System32\OpenSSH\;C:\Program Files (x86)\NVIDIA Corporation\PhysX\Common;C:\Program Files\dotnet\;C:\Users\PC\AppData\Roaming\nvm;C:\Program Files\nodejs;C:\Program Files\Git\cmd;C:\Program Files\NVIDIA Corporation\NVIDIA app\NvDLISR;D:\Unity\6000.0.28f1\Editor\Data\PlaybackEngines\AndroidPlayer\OpenJDK\bin;C:\Users\PC\AppData\Local\Microsoft\WindowsApps;C:\Users\PC\AppData\Local\Programs\Microsoft VS Code\bin;C:\Users\PC\AppData\Roaming\nvm;C:\Program Files\nodejs;C:\Users\PC\AppData\Local\GitHubDesktop\bin;C:\Users\PC\.dotnet\tools
USERNAME=PC
OS=Windows_NT
PROCESSOR_IDENTIFIER=Intel64 Family 6 Model 165 Stepping 3, GenuineIntel
TMP=C:\Users\PC\AppData\Local\Temp
TEMP=C:\Users\PC\AppData\Local\Temp



Periodic native trim disabled


---------------  S Y S T E M  ---------------

OS:
 Windows 10 , 64 bit Build 19041 (10.0.19041.2913)
OS uptime: 0 days 1:30 hours

CPU: total 8 (initial active 8) (4 cores per cpu, 2 threads per core) family 6 model 165 stepping 3 microcode 0xf8, cx8, cmov, fxsr, ht, mmx, 3dnowpref, sse, sse2, sse3, ssse3, sse4.1, sse4.2, popcnt, lzcnt, tsc, tscinvbit, avx, avx2, aes, erms, clmul, bmi1, bmi2, adx, fma, vzeroupper, clflush, clflushopt
Processor Information for all 8 processors :
  Max Mhz: 3696, Current Mhz: 3696, Mhz Limit: 3696

Memory: 4k page, system-wide physical 16291M (5812M free)
TotalPageFile size 16636M (AvailPageFile size 5M)
current process WorkingSet (physical memory assigned to process): 9M, peak: 9M
current process commit charge ("private bytes"): 14M, peak: 15M

vm_info: OpenJDK 64-Bit Server VM (17.0.9+9) for windows-amd64 JRE (17.0.9+9), built on Oct 26 2023 14:01:42 by "admin" with MS VC++ 16.10 / 16.11 (VS2019)

END.
